{ tx:
   '0x3131726bb5d7593f9bf53dbf84f56d7278c880223151fad4edb7789cb105f467',
  receipt:
   { transactionHash:
      '0x3131726bb5d7593f9bf53dbf84f56d7278c880223151fad4edb7789cb105f467',
     transactionIndex: 0,
     blockHash:
      '0x989e121693de8801dff5164e09cdda86a413e0cf851952bbafa55313625fe561',
     blockNumber: 24,
     from: '0xae92274bdb2af0e0d16676e79e09e45c351fab41',
     to: '0xed6da7c1f8f0c57e3864aaae3e33f87e00d323a0',
     gasUsed: 117804,
     cumulativeGasUsed: 117804,
     contractAddress: null,
     logs: [ [Object], [Object] ],
     status: true,
     logsBloom:
      '0x08000000000000000000000000000000000000000000000000000000000000000000000000000000000000000020000000000000200020000000000000000000000000002000000000000000000000000000000000000000000000000000000000000800020000000000000000000800000000000000000000000000000000000000000000000000000000000000000000000000000000000000000000000000000000000000000000000000000000000000000000000000000000000000080100000000000000000002100000000000000000000000000000000000000020000000000000004000000004000000000000000000000000000000000000000000',
     v: '0x1b',
     r:
      '0x8f6ffefdb46e125d83ab5f1346fea5dc87831664fa5c9f0f6c5744ae9fd3b63b',
     s:
      '0x3163287a6fa4d50ea7b1cf63cc4ba162817fe65338ba5e22d857b9edb9f6b2d2',
     rawLogs: [ [Object], [Object] ] },
  logs:
   [ { logIndex: 0,
       transactionIndex: 0,
       transactionHash:
        '0x3131726bb5d7593f9bf53dbf84f56d7278c880223151fad4edb7789cb105f467',
       blockHash:
        '0x989e121693de8801dff5164e09cdda86a413e0cf851952bbafa55313625fe561',
       blockNumber: 24,
       address: '0xed6dA7c1F8f0c57e3864AAaE3e33F87E00d323a0',
       type: 'mined',
       id: 'log_b34bb760',
       event: 'Submission',
       args: [Result] },
     { logIndex: 1,
       transactionIndex: 0,
       transactionHash:
        '0x3131726bb5d7593f9bf53dbf84f56d7278c880223151fad4edb7789cb105f467',
       blockHash:
        '0x989e121693de8801dff5164e09cdda86a413e0cf851952bbafa55313625fe561',
       blockNumber: 24,
       address: '0xed6dA7c1F8f0c57e3864AAaE3e33F87E00d323a0',
       type: 'mined',
       id: 'log_3b7d17f9',
       event: 'Confirmation',
       args: [Result] } ] }
